<?xml version="1.0" encoding="UTF-8"?>
<!-- Generated by org.testng.reporters.JUnitReportReporter -->
<testsuite hostname="CPDK055" failures="0" tests="2" name="demo.TestTrackDemo" time="32.625" errors="0" timestamp="2025-08-22T10:43:42 IST" skipped="0">
  <testcase classname="demo.TestTrackDemo" name="login" time="15.820"/>
  <testcase classname="demo.TestTrackDemo" name="login" time="16.805"/>
</testsuite> <!-- demo.TestTrackDemo -->
