<?xml version="1.0" encoding="UTF-8"?>
<!-- Generated by org.testng.reporters.JUnitReportReporter -->
<testsuite hostname="CPDK055" failures="0" tests="3" name="demo.TestNgGroupDemo" time="0.050" errors="0" timestamp="2025-08-22T12:47:36 IST" skipped="0">
  <testcase classname="demo.TestNgGroupDemo" name="f3" time="0.016"/>
  <testcase classname="demo.TestNgGroupDemo" name="f1" time="0.017"/>
  <testcase classname="demo.TestNgGroupDemo" name="f5" time="0.017"/>
</testsuite> <!-- demo.TestNgGroupDemo -->
