<?xml version="1.0" encoding="UTF-8"?>
<!-- Generated by org.testng.reporters.JUnitReportReporter -->
<testsuite hostname="CPDK055" failures="0" tests="2" name="demo.NewTest" time="0.007" errors="0" timestamp="2025-08-21T12:49:11 IST" skipped="0">
  <testcase classname="demo.NewTest" name="f" time="0.003"/>
  <testcase classname="demo.NewTest" name="f1" time="0.004"/>
</testsuite> <!-- demo.NewTest -->
