<?xml version="1.0" encoding="UTF-8"?>
<!-- Generated by org.testng.reporters.JUnitReportReporter -->
<testsuite hostname="CPDK055" failures="0" tests="2" name="demo.ParellelTesting" time="19.163" errors="0" timestamp="2025-08-22T12:02:06 IST" skipped="0">
  <testcase classname="demo.ParellelTesting" name="loginfirefox" time="12.112"/>
  <testcase classname="demo.ParellelTesting" name="loginchrome" time="7.051"/>
</testsuite> <!-- demo.ParellelTesting -->
