<?xml version="1.0" encoding="UTF-8"?>
<!-- Generated by org.testng.reporters.JUnitReportReporter -->
<testsuite hostname="CPDK055" failures="0" tests="2" name="demo.Task1ForPriority" time="7.509" errors="0" timestamp="2025-08-21T12:25:32 IST" skipped="0">
  <testcase classname="demo.Task1ForPriority" name="invalid" time="2.957"/>
  <testcase classname="demo.Task1ForPriority" name="valid" time="4.552"/>
</testsuite> <!-- demo.Task1ForPriority -->
