<?xml version="1.0" encoding="UTF-8"?>
<!-- Generated by org.testng.reporters.JUnitReportReporter -->
<testsuite hostname="CPDK055" failures="0" tests="1" name="demo.AutomationTest" time="29.890" errors="0" timestamp="2025-08-28T18:29:05 IST" skipped="0">
  <testcase classname="demo.AutomationTest" name="login" time="29.890"/>
</testsuite> <!-- demo.AutomationTest -->
