<?xml version="1.0" encoding="UTF-8"?>
<!-- Generated by org.testng.reporters.JUnitReportReporter -->
<testsuite hostname="CPDK055" failures="0" tests="1" name="demo.AutomateWebPage" time="20.373" errors="0" timestamp="2025-08-21T12:49:11 IST" skipped="0">
  <testcase classname="demo.AutomateWebPage" name="login" time="20.373"/>
</testsuite> <!-- demo.AutomateWebPage -->
