<?xml version="1.0" encoding="UTF-8"?>
<!-- Generated by org.testng.reporters.JUnitReportReporter -->
<testsuite hostname="CPDK055" failures="0" tests="1" name="demo.StructureCodeForWebPage" time="2.157" errors="0" timestamp="2025-08-21T12:17:57 IST" skipped="0">
  <testcase classname="demo.StructureCodeForWebPage" name="f" time="2.157"/>
</testsuite> <!-- demo.StructureCodeForWebPage -->
