<?xml version="1.0" encoding="UTF-8"?>
<!-- Generated by org.testng.reporters.JUnitReportReporter -->
<testsuite hostname="CPDK055" failures="0" tests="1" name="demo1.NewTest" time="0.009" errors="0" timestamp="2025-08-21T12:49:11 IST" skipped="0">
  <testcase classname="demo1.NewTest" name="f" time="0.009"/>
</testsuite> <!-- demo1.NewTest -->
