<?xml version="1.0" encoding="UTF-8"?>
<!-- Generated by org.testng.reporters.JUnitReportReporter -->
<testsuite hostname="CPDK055" failures="0" tests="1" name="demo.ScreenshotDemo" time="5.178" errors="0" timestamp="2025-08-25T10:08:08 IST" skipped="0">
  <testcase classname="demo.ScreenshotDemo" name="login" time="5.178"/>
</testsuite> <!-- demo.ScreenshotDemo -->
