<?xml version="1.0" encoding="UTF-8"?>
<!-- Generated by org.testng.reporters.JUnitReportReporter -->
<testsuite hostname="CPDK055" failures="0" tests="1" name="demo.ReadDateFromPropertyFile" time="4.519" errors="0" timestamp="2025-08-22T13:34:03 IST" skipped="0">
  <testcase classname="demo.ReadDateFromPropertyFile" name="f" time="4.519"/>
</testsuite> <!-- demo.ReadDateFromPropertyFile -->
