<?xml version="1.0" encoding="UTF-8"?>
<!-- Generated by org.testng.reporters.JUnitReportReporter -->
<testsuite hostname="CPDK055" failures="0" tests="4" name="demo.PriorityInTestNG" time="0.014" errors="0" timestamp="2025-08-21T12:49:11 IST" skipped="1">
  <testcase classname="demo.PriorityInTestNG" name="f2" time="0.002"/>
  <testcase classname="demo.PriorityInTestNG" name="f3" time="0.005"/>
  <testcase classname="demo.PriorityInTestNG" name="f4" time="0.004"/>
  <testcase classname="demo.PriorityInTestNG" name="f1" time="0.003">
    <skipped/>
  </testcase> <!-- f1 -->
</testsuite> <!-- demo.PriorityInTestNG -->
