<?xml version="1.0" encoding="UTF-8"?>
<!-- Generated by org.testng.reporters.JUnitReportReporter -->
<testsuite hostname="CPDK055" failures="0" tests="1" name="demo.CrossBrowserTestingDemo" time="18.956" errors="0" timestamp="2025-08-22T11:28:13 IST" skipped="0">
  <testcase classname="demo.CrossBrowserTestingDemo" name="input" time="18.956"/>
</testsuite> <!-- demo.CrossBrowserTestingDemo -->
